#
# There is insufficient memory for the Java Runtime Environment to continue.
# Native memory allocation (malloc) failed to allocate 524288 bytes for AllocateHeap
# Possible reasons:
#   The system is out of physical RAM or swap space
#   The process is running with CompressedOops enabled, and the Java Heap may be blocking the growth of the native heap
# Possible solutions:
#   Reduce memory load on the system
#   Increase physical memory or swap space
#   Check if swap backing store is full
#   Decrease Java heap size (-Xmx/-Xms)
#   Decrease number of Java threads
#   Decrease Java thread stack sizes (-Xss)
#   Set larger code cache with -XX:ReservedCodeCacheSize=
#   JVM is running with Zero Based Compressed Oops mode in which the Java heap is
#     placed in the first 32GB address space. The Java Heap base address is the
#     maximum limit for the native heap growth. Please use -XX:HeapBaseMinAddress
#     to set the Java Heap base and to place the Java Heap above 32GB virtual address.
# This output file may be truncated or incomplete.
#
#  Out of Memory Error (./src/hotspot/share/memory/allocation.cpp:46), pid=4644, tid=14240
#
# JRE version:  (11.0.10) (build )
# Java VM: OpenJDK 64-Bit Server VM (11.0.10+0-b96-7249189, mixed mode, tiered, compressed oops, g1 gc, windows-amd64)
# No core dump will be written. Minidumps are not enabled by default on client versions of Windows
#

---------------  S U M M A R Y ------------

Command Line: 

Host: Intel(R) Core(TM) i5-10400 CPU @ 2.90GHz, 12 cores, 15G,  Windows 10 , 64 bit Build 18362 (10.0.18362.1500)
Time: Mon Jan  9 21:19:59 2023 Hora est. Pacífico, Sudamérica elapsed time: 0.327009 seconds (0d 0h 0m 0s)

---------------  T H R E A D  ---------------

Current thread (0x0000027b3c039000):  JavaThread "Unknown thread" [_thread_in_vm, id=14240, stack(0x0000009152700000,0x0000009152800000)]

Stack: [0x0000009152700000,0x0000009152800000]
Native frames: (J=compiled Java code, j=interpreted, Vv=VM code, C=native code)
V  [jvm.dll+0x5ecfaa]
V  [jvm.dll+0x722bd5]
V  [jvm.dll+0x72412d]
V  [jvm.dll+0x7247e3]
V  [jvm.dll+0x242928]
V  [jvm.dll+0xb39a4]
V  [jvm.dll+0x67c88f]
V  [jvm.dll+0x67c827]
V  [jvm.dll+0x67c9aa]
V  [jvm.dll+0x700c62]
V  [jvm.dll+0x703087]
V  [jvm.dll+0x3587d9]
V  [jvm.dll+0x6e4fae]
V  [jvm.dll+0x3c0be3]
V  [jvm.dll+0x3c2e91]
C  [jli.dll+0x5373]
C  [ucrtbase.dll+0x210b2]
C  [KERNEL32.DLL+0x17c24]
C  [ntdll.dll+0x6d721]


---------------  P R O C E S S  ---------------

Threads class SMR info:
_java_thread_list=0x0000027b39f24260, length=0, elements={
}

Java Threads: ( => current thread )

Other Threads:
  0x0000027b3c050800 GCTaskThread "GC Thread#0" [stack: 0x0000009152800000,0x0000009152900000] [id=16992]
  0x0000027b3c0b1000 ConcurrentGCThread "G1 Main Marker" [stack: 0x0000009152900000,0x0000009152a00000] [id=9252]
  0x0000027b3c0b3800 ConcurrentGCThread "G1 Conc#0" [stack: 0x0000009152a00000,0x0000009152b00000] [id=10688]
  0x0000027b5b458000 ConcurrentGCThread "G1 Refine#0" [stack: 0x0000009152b00000,0x0000009152c00000] [id=6828]
  0x0000027b5b45b000 ConcurrentGCThread "G1 Young RemSet Sampling" [stack: 0x0000009152c00000,0x0000009152d00000] [id=9776]

=>0x0000027b3c039000 (exited) JavaThread "Unknown thread" [_thread_in_vm, id=14240, stack(0x0000009152700000,0x0000009152800000)]

Threads with active compile tasks:

VM state:not at safepoint (not fully initialized)

VM Mutex/Monitor currently owned by a thread: None

Heap address: 0x0000000701600000, size: 4074 MB, Compressed Oops mode: Zero based, Oop shift amount: 3
Narrow klass base: 0x0000000800000000, Narrow klass shift: 0
Compressed class space size: 1073741824 Address: 0x0000000800000000

GC Heap History (0 events):
No events

Deoptimization events (0 events):
No events

Classes redefined (0 events):
No events

Internal exceptions (0 events):
No events

Events (1 events):
Event: 0.004 Loaded shared library D:\Programs\jre\bin\zip.dll


Dynamic libraries:
0x00007ff7bb800000 - 0x00007ff7bb80a000 	D:\Programs\jre\bin\java.EXE
0x00007ffa7b0c0000 - 0x00007ffa7b2b0000 	C:\Windows\SYSTEM32\ntdll.dll
0x00007ffa79ee0000 - 0x00007ffa79f92000 	C:\Windows\System32\KERNEL32.DLL
0x00007ffa78290000 - 0x00007ffa78535000 	C:\Windows\System32\KERNELBASE.dll
0x00007ffa78d90000 - 0x00007ffa78e8a000 	C:\Windows\System32\ucrtbase.dll
0x00007ffa686d0000 - 0x00007ffa686e9000 	D:\Programs\jre\bin\jli.dll
0x00007ffa670b0000 - 0x00007ffa670c7000 	D:\Programs\jre\bin\VCRUNTIME140.dll
0x00007ffa79c00000 - 0x00007ffa79d94000 	C:\Windows\System32\USER32.dll
0x00007ffa78ec0000 - 0x00007ffa78ee1000 	C:\Windows\System32\win32u.dll
0x00007ffa5bde0000 - 0x00007ffa5c064000 	C:\Windows\WinSxS\amd64_microsoft.windows.common-controls_6595b64144ccf1df_6.0.18362.1500_none_9e79be6de462295c\COMCTL32.dll
0x00007ffa79190000 - 0x00007ffa791b6000 	C:\Windows\System32\GDI32.dll
0x00007ffa7afe0000 - 0x00007ffa7b07e000 	C:\Windows\System32\msvcrt.dll
0x00007ffa78f80000 - 0x00007ffa79118000 	C:\Windows\System32\gdi32full.dll
0x00007ffa79720000 - 0x00007ffa79a56000 	C:\Windows\System32\combase.dll
0x00007ffa781f0000 - 0x00007ffa7828e000 	C:\Windows\System32\msvcp_win.dll
0x00007ffa79ac0000 - 0x00007ffa79bdf000 	C:\Windows\System32\RPCRT4.dll
0x00007ffa78ef0000 - 0x00007ffa78f71000 	C:\Windows\System32\bcryptPrimitives.dll
0x00007ffa7a700000 - 0x00007ffa7a72e000 	C:\Windows\System32\IMM32.DLL
0x00007ff9f7ea0000 - 0x00007ff9f7f3d000 	D:\Programs\jre\bin\msvcp140.dll
0x00007ff9f0300000 - 0x00007ff9f0dcf000 	D:\Programs\jre\bin\server\jvm.dll
0x00007ffa7a810000 - 0x00007ffa7a8b3000 	C:\Windows\System32\ADVAPI32.dll
0x00007ffa79320000 - 0x00007ffa793b7000 	C:\Windows\System32\sechost.dll
0x00007ffa79470000 - 0x00007ffa79478000 	C:\Windows\System32\PSAPI.DLL
0x00007ffa73580000 - 0x00007ffa7358a000 	C:\Windows\SYSTEM32\VERSION.dll
0x00007ffa6cdf0000 - 0x00007ffa6cdf9000 	C:\Windows\SYSTEM32\WSOCK32.dll
0x00007ffa76020000 - 0x00007ffa76044000 	C:\Windows\SYSTEM32\WINMM.dll
0x00007ffa79fa0000 - 0x00007ffa7a00f000 	C:\Windows\System32\WS2_32.dll
0x00007ffa75ef0000 - 0x00007ffa75f1d000 	C:\Windows\SYSTEM32\WINMMBASE.dll
0x00007ffa79120000 - 0x00007ffa7916a000 	C:\Windows\System32\cfgmgr32.dll
0x00007ffa77fa0000 - 0x00007ffa77fb1000 	C:\Windows\System32\kernel.appcore.dll
0x00007ffa650b0000 - 0x00007ffa650c1000 	D:\Programs\jre\bin\verify.dll
0x00007ffa5e040000 - 0x00007ffa5e234000 	C:\Windows\SYSTEM32\DBGHELP.DLL
0x00007ffa5e270000 - 0x00007ffa5e29a000 	C:\Windows\SYSTEM32\dbgcore.DLL
0x00007ffa4d280000 - 0x00007ffa4d2a9000 	D:\Programs\jre\bin\java.dll
0x00007ffa6aa80000 - 0x00007ffa6aa8b000 	D:\Programs\jre\bin\jimage.dll
0x00007ffa5e8d0000 - 0x00007ffa5e8e8000 	D:\Programs\jre\bin\zip.dll

dbghelp: loaded successfully - version: 4.0.5 - missing functions: none
symbol engine: initialized successfully - sym options: 0x614 - pdb path: .;D:\Programs\jre\bin;C:\Windows\SYSTEM32;C:\Windows\WinSxS\amd64_microsoft.windows.common-controls_6595b64144ccf1df_6.0.18362.1500_none_9e79be6de462295c;D:\Programs\jre\bin\server

VM Arguments:
java_command: <unknown>
java_class_path (initial): <not set>
Launcher Type: SUN_STANDARD

[Global flags]
     intx CICompilerCount                          = 4                                         {product} {ergonomic}
     uint ConcGCThreads                            = 3                                         {product} {ergonomic}
     uint G1ConcRefinementThreads                  = 10                                        {product} {ergonomic}
   size_t G1HeapRegionSize                         = 1048576                                   {product} {ergonomic}
    uintx GCDrainStackTargetSize                   = 64                                        {product} {ergonomic}
   size_t InitialHeapSize                          = 268435456                                 {product} {ergonomic}
   size_t MarkStackSize                            = 4194304                                   {product} {ergonomic}
   size_t MaxHeapSize                              = 4271898624                                {product} {ergonomic}
   size_t MaxNewSize                               = 2562719744                                {product} {ergonomic}
   size_t MinHeapDeltaBytes                        = 1048576                                   {product} {ergonomic}
    uintx NonNMethodCodeHeapSize                   = 5836300                                {pd product} {ergonomic}
    uintx NonProfiledCodeHeapSize                  = 122910970                              {pd product} {ergonomic}
    uintx ProfiledCodeHeapSize                     = 122910970                              {pd product} {ergonomic}
    uintx ReservedCodeCacheSize                    = 251658240                              {pd product} {ergonomic}
     bool SegmentedCodeCache                       = true                                      {product} {ergonomic}
     bool UseCompressedClassPointers               = true                                 {lp64_product} {ergonomic}
     bool UseCompressedOops                        = true                                 {lp64_product} {ergonomic}
     bool UseG1GC                                  = true                                      {product} {ergonomic}
     bool UseLargePagesIndividualAllocation        = false                                  {pd product} {ergonomic}

Logging:
Log output configuration:
 #0: stdout all=warning uptime,level,tags
 #1: stderr all=off uptime,level,tags

Environment Variables:
JAVA_HOME=C:\Program Files\Java\jdk-17.0.2
PATH=C:\Windows\System32\Wbem;C:\Windows\System32\WindowsPowerShell\v1.0\;C:\Windows\System32\OpenSSH\;C:\Program Files (x86)\NVIDIA Corporation\PhysX\Common;F:\Progamas-CIB\Git\cmd;C:\Program Files\dotnet\;C:\Program Files\Microsoft SQL Server\130\Tools\Binn\;C:\Program Files\Microsoft SQL Server\Client SDK\ODBC\170\Tools\Binn\;C:\Program Files\MongoDB\Server\4.4\bin;C:\Program Files\Git\cmd;C:\Program Files\Git\mingw64\bin;C:\Program Files\Git\usr\bin;C:\Windows\System32;C:\Program Files\Java\jdk-17.0.2\bin;D:\acc\flutter\bin;C:\Users\User\AppData\Local\Pub\Cache\bin;C:\Program Files\nodejs\;C:\Users\User\AppData\Local\Microsoft\WindowsApps;C:\Users\User\.dotnet\tools;C:\Users\User\AppData\Local\GitHubDesktop\bin;C:\Program Files (x86)\Java\jre1.8.0_291\bin;C:\Users\User\AppData\Local\Programs\Microsoft VS Code\bin;C:\Users\User\AppData\Roaming\npm;D:\acc\flutter\bin\mingit\cmd
USERNAME=User
OS=Windows_NT
PROCESSOR_IDENTIFIER=Intel64 Family 6 Model 165 Stepping 3, GenuineIntel



---------------  S Y S T E M  ---------------

OS: Windows 10 , 64 bit Build 18362 (10.0.18362.1500)
OS uptime: 8 days 4:16 hours
Hyper-V role detected

CPU:total 12 (initial active 12) (6 cores per cpu, 2 threads per core) family 6 model 165 stepping 3 microcode 0xcc, cmov, cx8, fxsr, mmx, sse, sse2, sse3, ssse3, sse4.1, sse4.2, popcnt, avx, avx2, aes, clmul, erms, 3dnowpref, lzcnt, ht, tsc, tscinvbit, bmi1, bmi2, adx, fma

Memory: 4k page, system-wide physical 16294M (3115M free)
TotalPageFile size 20390M (AvailPageFile size 12M)
current process WorkingSet (physical memory assigned to process): 21M, peak: 21M
current process commit charge ("private bytes"): 332M, peak: 333M

vm_info: OpenJDK 64-Bit Server VM (11.0.10+0-b96-7249189) for windows-amd64 JRE (11.0.10+0-b96-7249189), built on Mar 31 2021 21:44:00 by "builder" with MS VC++ 14.0 (VS2015)

END.
