#
# There is insufficient memory for the Java Runtime Environment to continue.
# Native memory allocation (mmap) failed to map 268435456 bytes for G1 virtual space
# Possible reasons:
#   The system is out of physical RAM or swap space
#   The process is running with CompressedOops enabled, and the Java Heap may be blocking the growth of the native heap
# Possible solutions:
#   Reduce memory load on the system
#   Increase physical memory or swap space
#   Check if swap backing store is full
#   Decrease Java heap size (-Xmx/-Xms)
#   Decrease number of Java threads
#   Decrease Java thread stack sizes (-Xss)
#   Set larger code cache with -XX:ReservedCodeCacheSize=
#   JVM is running with Zero Based Compressed Oops mode in which the Java heap is
#     placed in the first 32GB address space. The Java Heap base address is the
#     maximum limit for the native heap growth. Please use -XX:HeapBaseMinAddress
#     to set the Java Heap base and to place the Java Heap above 32GB virtual address.
# This output file may be truncated or incomplete.
#
#  Out of Memory Error (os_windows.cpp:3532), pid=11288, tid=4828
#
# JRE version:  (17.0.2+8) (build )
# Java VM: Java HotSpot(TM) 64-Bit Server VM (17.0.2+8-LTS-86, mixed mode, sharing, tiered, compressed oops, compressed class ptrs, g1 gc, windows-amd64)
# No core dump will be written. Minidumps are not enabled by default on client versions of Windows
#

---------------  S U M M A R Y ------------

Command Line: -Dorg.gradle.appname=gradlew org.gradle.wrapper.GradleWrapperMain -q -Ptarget-platform=android-x86 -Ptarget=D:\Personal\Docu\GitHUB\TEAM9_UD4\lib\main.dart -Pbase-application-name=android.app.Application -Pdart-defines=RkxVVFRFUl9XRUJfQVVUT19ERVRFQ1Q9dHJ1ZQ== -Pdart-obfuscation=false -Ptrack-widget-creation=true -Ptree-shake-icons=false -Pfilesystem-scheme=org-dartlang-root assembleDebug

Host: Intel(R) Core(TM) i5-10400 CPU @ 2.90GHz, 12 cores, 15G,  Windows 10 , 64 bit Build 18362 (10.0.18362.1500)
Time: Mon Jan  9 21:19:59 2023 Hora est. Pacífico, Sudamérica elapsed time: 0.055851 seconds (0d 0h 0m 0s)

---------------  T H R E A D  ---------------

Current thread (0x0000015a88e035e0):  JavaThread "Unknown thread" [_thread_in_vm, id=4828, stack(0x0000000ffa700000,0x0000000ffa800000)]

Stack: [0x0000000ffa700000,0x0000000ffa800000]
Native frames: (J=compiled Java code, j=interpreted, Vv=VM code, C=native code)
V  [jvm.dll+0x670baa]
V  [jvm.dll+0x7cfcb4]
V  [jvm.dll+0x7d145e]
V  [jvm.dll+0x7d1ac3]
V  [jvm.dll+0x242bc5]
V  [jvm.dll+0x66dac9]
V  [jvm.dll+0x662412]
V  [jvm.dll+0x300c0b]
V  [jvm.dll+0x3081a6]
V  [jvm.dll+0x357d0e]
V  [jvm.dll+0x357f3f]
V  [jvm.dll+0x2d7ec8]
V  [jvm.dll+0x2d8e34]
V  [jvm.dll+0x7a18c1]
V  [jvm.dll+0x365a91]
V  [jvm.dll+0x780d2c]
V  [jvm.dll+0x3e845f]
V  [jvm.dll+0x3e9f01]
C  [jli.dll+0x527b]
C  [ucrtbase.dll+0x210b2]
C  [KERNEL32.DLL+0x17c24]
C  [ntdll.dll+0x6d721]


---------------  P R O C E S S  ---------------

Threads class SMR info:
_java_thread_list=0x00007ff9f0079858, length=0, elements={
}

Java Threads: ( => current thread )

Other Threads:
  0x0000015a88e536b0 GCTaskThread "GC Thread#0" [stack: 0x0000000ffa800000,0x0000000ffa900000] [id=2356]
  0x0000015a88e65b40 ConcurrentGCThread "G1 Main Marker" [stack: 0x0000000ffa900000,0x0000000ffaa00000] [id=896]
  0x0000015a88e66460 ConcurrentGCThread "G1 Conc#0" [stack: 0x0000000ffaa00000,0x0000000ffab00000] [id=11200]

[error occurred during error reporting (printing all threads), id 0xc0000005, EXCEPTION_ACCESS_VIOLATION (0xc0000005) at pc=0x00007ff9ef8c88a7]

VM state: not at safepoint (not fully initialized)

VM Mutex/Monitor currently owned by a thread:  ([mutex/lock_event])
[0x0000015a88e001c0] Heap_lock - owner thread: 0x0000015a88e035e0

Heap address: 0x0000000701600000, size: 4074 MB, Compressed Oops mode: Zero based, Oop shift amount: 3

CDS archive(s) mapped at: [0x0000000000000000-0x0000000000000000-0x0000000000000000), size 0, SharedBaseAddress: 0x0000000800000000, ArchiveRelocationMode: 0.
Narrow klass base: 0x0000000000000000, Narrow klass shift: 0, Narrow klass range: 0x0

GC Precious Log:
<Empty>

Heap:
 garbage-first heap   total 0K, used 0K [0x0000000701600000, 0x0000000800000000)
  region size 2048K, 0 young (0K), 0 survivors (0K)

[error occurred during error reporting (printing heap information), id 0xc0000005, EXCEPTION_ACCESS_VIOLATION (0xc0000005) at pc=0x00007ff9efca9f19]

GC Heap History (0 events):
No events

Deoptimization events (0 events):
No events

Classes unloaded (0 events):
No events

Classes redefined (0 events):
No events

Internal exceptions (0 events):
No events

VM Operations (0 events):
No events

Events (1 events):
Event: 0.032 Loaded shared library C:\Program Files\Java\jdk-17.0.2\bin\java.dll


Dynamic libraries:
0x00007ff76e8b0000 - 0x00007ff76e8c0000 	C:\Program Files\Java\jdk-17.0.2\bin\java.exe
0x00007ffa7b0c0000 - 0x00007ffa7b2b0000 	C:\Windows\SYSTEM32\ntdll.dll
0x00007ffa79ee0000 - 0x00007ffa79f92000 	C:\Windows\System32\KERNEL32.DLL
0x00007ffa78290000 - 0x00007ffa78535000 	C:\Windows\System32\KERNELBASE.dll
0x00007ffa78d90000 - 0x00007ffa78e8a000 	C:\Windows\System32\ucrtbase.dll
0x00007ffa6e260000 - 0x00007ffa6e27a000 	C:\Program Files\Java\jdk-17.0.2\bin\VCRUNTIME140.dll
0x00007ffa6e220000 - 0x00007ffa6e238000 	C:\Program Files\Java\jdk-17.0.2\bin\jli.dll
0x00007ffa7a810000 - 0x00007ffa7a8b3000 	C:\Windows\System32\ADVAPI32.dll
0x00007ffa7afe0000 - 0x00007ffa7b07e000 	C:\Windows\System32\msvcrt.dll
0x00007ffa79320000 - 0x00007ffa793b7000 	C:\Windows\System32\sechost.dll
0x00007ffa79ac0000 - 0x00007ffa79bdf000 	C:\Windows\System32\RPCRT4.dll
0x00007ffa79c00000 - 0x00007ffa79d94000 	C:\Windows\System32\USER32.dll
0x00007ffa78ec0000 - 0x00007ffa78ee1000 	C:\Windows\System32\win32u.dll
0x00007ffa5bde0000 - 0x00007ffa5c064000 	C:\Windows\WinSxS\amd64_microsoft.windows.common-controls_6595b64144ccf1df_6.0.18362.1500_none_9e79be6de462295c\COMCTL32.dll
0x00007ffa79190000 - 0x00007ffa791b6000 	C:\Windows\System32\GDI32.dll
0x00007ffa79720000 - 0x00007ffa79a56000 	C:\Windows\System32\combase.dll
0x00007ffa78f80000 - 0x00007ffa79118000 	C:\Windows\System32\gdi32full.dll
0x00007ffa781f0000 - 0x00007ffa7828e000 	C:\Windows\System32\msvcp_win.dll
0x00007ffa78ef0000 - 0x00007ffa78f71000 	C:\Windows\System32\bcryptPrimitives.dll
0x00007ffa73580000 - 0x00007ffa7358a000 	C:\Windows\SYSTEM32\VERSION.dll
0x00007ffa7a700000 - 0x00007ffa7a72e000 	C:\Windows\System32\IMM32.DLL
0x00007ffa6e050000 - 0x00007ffa6e05c000 	C:\Program Files\Java\jdk-17.0.2\bin\vcruntime140_1.dll
0x00007ffa447b0000 - 0x00007ffa4483d000 	C:\Program Files\Java\jdk-17.0.2\bin\msvcp140.dll
0x00007ff9ef5e0000 - 0x00007ff9f01a1000 	C:\Program Files\Java\jdk-17.0.2\bin\server\jvm.dll
0x00007ffa79470000 - 0x00007ffa79478000 	C:\Windows\System32\PSAPI.DLL
0x00007ffa6cdf0000 - 0x00007ffa6cdf9000 	C:\Windows\SYSTEM32\WSOCK32.dll
0x00007ffa76020000 - 0x00007ffa76044000 	C:\Windows\SYSTEM32\WINMM.dll
0x00007ffa79fa0000 - 0x00007ffa7a00f000 	C:\Windows\System32\WS2_32.dll
0x00007ffa75ef0000 - 0x00007ffa75f1d000 	C:\Windows\SYSTEM32\winmmbase.dll
0x00007ffa79120000 - 0x00007ffa7916a000 	C:\Windows\System32\cfgmgr32.dll
0x00007ffa77fa0000 - 0x00007ffa77fb1000 	C:\Windows\System32\kernel.appcore.dll
0x00007ffa6dd10000 - 0x00007ffa6dd1a000 	C:\Program Files\Java\jdk-17.0.2\bin\jimage.dll
0x00007ffa5e040000 - 0x00007ffa5e234000 	C:\Windows\SYSTEM32\DBGHELP.DLL
0x00007ffa5e270000 - 0x00007ffa5e29a000 	C:\Windows\SYSTEM32\dbgcore.DLL
0x00007ffa6a520000 - 0x00007ffa6a545000 	C:\Program Files\Java\jdk-17.0.2\bin\java.dll

dbghelp: loaded successfully - version: 4.0.5 - missing functions: none
symbol engine: initialized successfully - sym options: 0x614 - pdb path: .;C:\Program Files\Java\jdk-17.0.2\bin;C:\Windows\SYSTEM32;C:\Windows\WinSxS\amd64_microsoft.windows.common-controls_6595b64144ccf1df_6.0.18362.1500_none_9e79be6de462295c;C:\Program Files\Java\jdk-17.0.2\bin\server

VM Arguments:
jvm_args: -Dorg.gradle.appname=gradlew 
java_command: org.gradle.wrapper.GradleWrapperMain -q -Ptarget-platform=android-x86 -Ptarget=D:\Personal\Docu\GitHUB\TEAM9_UD4\lib\main.dart -Pbase-application-name=android.app.Application -Pdart-defines=RkxVVFRFUl9XRUJfQVVUT19ERVRFQ1Q9dHJ1ZQ== -Pdart-obfuscation=false -Ptrack-widget-creation=true -Ptree-shake-icons=false -Pfilesystem-scheme=org-dartlang-root assembleDebug
java_class_path (initial): D:\Personal\Docu\GitHUB\TEAM9_UD4\android\\gradle\wrapper\gradle-wrapper.jar
Launcher Type: SUN_STANDARD

[Global flags]
     intx CICompilerCount                          = 4                                         {product} {ergonomic}
     uint ConcGCThreads                            = 3                                         {product} {ergonomic}
     uint G1ConcRefinementThreads                  = 10                                        {product} {ergonomic}
   size_t G1HeapRegionSize                         = 2097152                                   {product} {ergonomic}
    uintx GCDrainStackTargetSize                   = 64                                        {product} {ergonomic}
   size_t InitialHeapSize                          = 268435456                                 {product} {ergonomic}
   size_t MarkStackSize                            = 4194304                                   {product} {ergonomic}
   size_t MaxHeapSize                              = 4271898624                                {product} {ergonomic}
   size_t MinHeapDeltaBytes                        = 2097152                                   {product} {ergonomic}
   size_t MinHeapSize                              = 8388608                                   {product} {ergonomic}
    uintx NonNMethodCodeHeapSize                   = 5839372                                {pd product} {ergonomic}
    uintx NonProfiledCodeHeapSize                  = 122909434                              {pd product} {ergonomic}
    uintx ProfiledCodeHeapSize                     = 122909434                              {pd product} {ergonomic}
    uintx ReservedCodeCacheSize                    = 251658240                              {pd product} {ergonomic}
     bool SegmentedCodeCache                       = true                                      {product} {ergonomic}
   size_t SoftMaxHeapSize                          = 4271898624                             {manageable} {ergonomic}
     bool UseCompressedClassPointers               = true                           {product lp64_product} {ergonomic}
     bool UseCompressedOops                        = true                           {product lp64_product} {ergonomic}
     bool UseG1GC                                  = true                                      {product} {ergonomic}
     bool UseLargePagesIndividualAllocation        = false                                  {pd product} {ergonomic}

Logging:
Log output configuration:
 #0: stdout all=warning uptime,level,tags
 #1: stderr all=off uptime,level,tags

Environment Variables:
JAVA_HOME=C:\Program Files\Java\jdk-17.0.2
CLASSPATH=D:\Personal\Docu\GitHUB\TEAM9_UD4\android\\gradle\wrapper\gradle-wrapper.jar
PATH=C:\Windows\System32\Wbem;C:\Windows\System32\WindowsPowerShell\v1.0\;C:\Windows\System32\OpenSSH\;C:\Program Files (x86)\NVIDIA Corporation\PhysX\Common;F:\Progamas-CIB\Git\cmd;C:\Program Files\dotnet\;C:\Program Files\Microsoft SQL Server\130\Tools\Binn\;C:\Program Files\Microsoft SQL Server\Client SDK\ODBC\170\Tools\Binn\;C:\Program Files\MongoDB\Server\4.4\bin;C:\Program Files\Git\cmd;C:\Program Files\Git\mingw64\bin;C:\Program Files\Git\usr\bin;C:\Windows\System32;C:\Program Files\Java\jdk-17.0.2\bin;D:\acc\flutter\bin;C:\Users\User\AppData\Local\Pub\Cache\bin;C:\Program Files\nodejs\;C:\Users\User\AppData\Local\Microsoft\WindowsApps;C:\Users\User\.dotnet\tools;C:\Users\User\AppData\Local\GitHubDesktop\bin;C:\Program Files (x86)\Java\jre1.8.0_291\bin;C:\Users\User\AppData\Local\Programs\Microsoft VS Code\bin;C:\Users\User\AppData\Roaming\npm;D:\acc\flutter\bin\mingit\cmd
USERNAME=User
OS=Windows_NT
PROCESSOR_IDENTIFIER=Intel64 Family 6 Model 165 Stepping 3, GenuineIntel



---------------  S Y S T E M  ---------------

OS:
 Windows 10 , 64 bit Build 18362 (10.0.18362.1500)
OS uptime: 8 days 4:16 hours
Hyper-V role detected

CPU: total 12 (initial active 12) (6 cores per cpu, 2 threads per core) family 6 model 165 stepping 3 microcode 0xcc, cx8, cmov, fxsr, ht, mmx, 3dnowpref, sse, sse2, sse3, ssse3, sse4.1, sse4.2, popcnt, lzcnt, tsc, tscinvbit, avx, avx2, aes, erms, clmul, bmi1, bmi2, adx, fma, vzeroupper, clflush, clflushopt, hv

Memory: 4k page, system-wide physical 16294M (3094M free)
TotalPageFile size 20390M (AvailPageFile size 248M)
current process WorkingSet (physical memory assigned to process): 10M, peak: 10M
current process commit charge ("private bytes"): 64M, peak: 320M

vm_info: Java HotSpot(TM) 64-Bit Server VM (17.0.2+8-LTS-86) for windows-amd64 JRE (17.0.2+8-LTS-86), built on Dec  7 2021 21:51:03 by "mach5one" with MS VC++ 16.8 / 16.9 (VS2019)

END.
